{"/Users/jarlandre/workspace_musit/musit/gui/app/components/musittextfield/__tests__/MusitTextField-test.js":{"path":"/Users/jarlandre/workspace_musit/musit/gui/app/components/musittextfield/__tests__/MusitTextField-test.js","s":{"1":1,"2":1,"3":1,"4":1,"5":1,"6":1,"7":1,"8":0,"9":1,"10":1,"11":1,"12":1,"13":1},"b":{},"f":{"1":1,"2":1,"3":1,"4":1,"5":0},"fnMap":{"1":{"name":"(anonymous_1)","line":3,"loc":{"start":{"line":3,"column":27},"end":{"line":3,"column":33}}},"2":{"name":"(anonymous_2)","line":4,"loc":{"start":{"line":4,"column":37},"end":{"line":4,"column":43}}},"3":{"name":"validationState","line":11,"loc":{"start":{"line":11,"column":27},"end":{"line":null,"column":null}}},"4":{"name":"valueText","line":12,"loc":{"start":{"line":12,"column":21},"end":{"line":null,"column":null}}},"5":{"name":"onChange","line":14,"loc":{"start":{"line":14,"column":20},"end":{"line":null,"column":null}}}},"statementMap":{"1":{"start":{"line":1,"column":0},"end":{"line":null,"column":null}},"2":{"start":{"line":3,"column":0},"end":{"line":null,"column":null}},"3":{"start":{"line":4,"column":5},"end":{"line":null,"column":null}},"4":{"start":{"line":5,"column":10},"end":{"line":null,"column":null}},"5":{"start":{"line":6,"column":10},"end":{"line":null,"column":null}},"6":{"start":{"line":11,"column":36},"end":{"line":null,"column":null}},"7":{"start":{"line":12,"column":27},"end":{"line":null,"column":null}},"8":{"start":{"line":14,"column":26},"end":{"line":null,"column":null}},"9":{"start":{"line":18,"column":10},"end":{"line":null,"column":null}},"10":{"start":{"line":19,"column":10},"end":{"line":null,"column":null}},"11":{"start":{"line":20,"column":11},"end":{"line":null,"column":null}},"12":{"start":{"line":21,"column":10},"end":{"line":null,"column":null}},"13":{"start":{"line":22,"column":11},"end":{"line":null,"column":null}}},"branchMap":{}},"/Users/jarlandre/workspace_musit/musit/gui/app/components/storageunits/__tests__/StorageUnitList-test.js":{"path":"/Users/jarlandre/workspace_musit/musit/gui/app/components/storageunits/__tests__/StorageUnitList-test.js","s":{"1":1,"2":1,"3":1,"4":1,"5":1,"6":0,"7":0,"8":1,"9":1,"10":1,"11":1,"12":1,"13":1,"14":1,"15":1,"16":1},"b":{},"f":{"1":1,"2":1,"3":0,"4":0},"fnMap":{"1":{"name":"(anonymous_1)","line":3,"loc":{"start":{"line":3,"column":28},"end":{"line":3,"column":34}}},"2":{"name":"(anonymous_2)","line":4,"loc":{"start":{"line":4,"column":32},"end":{"line":4,"column":38}}},"3":{"name":"onDelete","line":22,"loc":{"start":{"line":22,"column":18},"end":{"line":null,"column":null}}},"4":{"name":"onEdit","line":23,"loc":{"start":{"line":23,"column":16},"end":{"line":null,"column":null}}}},"statementMap":{"1":{"start":{"line":1,"column":0},"end":{"line":null,"column":null}},"2":{"start":{"line":3,"column":0},"end":{"line":null,"column":null}},"3":{"start":{"line":4,"column":5},"end":{"line":null,"column":null}},"4":{"start":{"line":5,"column":10},"end":{"line":null,"column":null}},"5":{"start":{"line":6,"column":10},"end":{"line":null,"column":null}},"6":{"start":{"line":22,"column":24},"end":{"line":null,"column":null}},"7":{"start":{"line":23,"column":22},"end":{"line":null,"column":null}},"8":{"start":{"line":26,"column":10},"end":{"line":null,"column":null}},"9":{"start":{"line":27,"column":10},"end":{"line":null,"column":null}},"10":{"start":{"line":28,"column":11},"end":{"line":null,"column":null}},"11":{"start":{"line":30,"column":11},"end":{"line":null,"column":null}},"12":{"start":{"line":31,"column":11},"end":{"line":null,"column":null}},"13":{"start":{"line":33,"column":11},"end":{"line":null,"column":null}},"14":{"start":{"line":34,"column":11},"end":{"line":null,"column":null}},"15":{"start":{"line":36,"column":11},"end":{"line":null,"column":null}},"16":{"start":{"line":37,"column":11},"end":{"line":null,"column":null}}},"branchMap":{}},"/Users/jarlandre/workspace_musit/musit/gui/app/components/musittextfield/index.js":{"path":"/Users/jarlandre/workspace_musit/musit/gui/app/components/musittextfield/index.js","s":{"1":1,"2":1,"3":1,"4":1,"5":1,"6":1,"7":1,"8":1,"9":1,"10":1,"11":1,"12":1,"13":1,"14":1,"15":1,"16":1,"17":1,"18":1,"19":1,"20":8,"21":1,"22":1,"23":1,"24":1,"25":1,"26":1,"27":1,"28":1,"29":1,"30":1,"31":1,"32":1,"33":1,"34":0,"35":0,"36":1,"37":1,"38":1,"39":1},"b":{"1":[6,2],"2":[8,8],"3":[0,1]},"f":{"1":8,"2":1,"3":1,"4":1,"5":1,"6":1,"7":0,"8":0},"fnMap":{"1":{"name":"_interopRequireDefault","line":0,"loc":{"start":{"line":0,"column":0},"end":{"line":0,"column":0}},"skip":true},"2":{"name":"_wrapComponent","line":0,"loc":{"start":{"line":0,"column":0},"end":{"line":0,"column":0}},"skip":true},"3":{"name":"(anonymous_3)","line":0,"loc":{"start":{"line":0,"column":0},"end":{"line":0,"column":0}},"skip":true},"4":{"name":"(anonymous_4)","line":0,"loc":{"start":{"line":0,"column":0},"end":{"line":0,"column":0}},"skip":true},"5":{"name":"MusitTextField","line":0,"loc":{"start":{"line":0,"column":0},"end":{"line":0,"column":0}},"skip":true},"6":{"name":"render","line":33,"loc":{"start":{"line":33,"column":11},"end":{"line":33,"column":11}}},"7":{"name":"onChange","line":52,"loc":{"start":{"line":52,"column":24},"end":{"line":null,"column":null}}},"8":{"name":"helpText","line":25,"loc":{"start":{"line":25,"column":18},"end":{"line":25,"column":23}}}},"statementMap":{"1":{"start":{"line":0,"column":0},"end":{"line":0,"column":0},"skip":true},"2":{"start":{"line":0,"column":0},"end":{"line":0,"column":0},"skip":true},"3":{"start":{"line":0,"column":0},"end":{"line":0,"column":0},"skip":true},"4":{"start":{"line":0,"column":0},"end":{"line":0,"column":0},"skip":true},"5":{"start":{"line":0,"column":0},"end":{"line":0,"column":0},"skip":true},"6":{"start":{"line":0,"column":0},"end":{"line":0,"column":0},"skip":true},"7":{"start":{"line":0,"column":0},"end":{"line":0,"column":0},"skip":true},"8":{"start":{"line":0,"column":0},"end":{"line":0,"column":0},"skip":true},"9":{"start":{"line":0,"column":0},"end":{"line":0,"column":0},"skip":true},"10":{"start":{"line":0,"column":0},"end":{"line":0,"column":0},"skip":true},"11":{"start":{"line":0,"column":0},"end":{"line":0,"column":0},"skip":true},"12":{"start":{"line":0,"column":0},"end":{"line":0,"column":0},"skip":true},"13":{"start":{"line":0,"column":0},"end":{"line":0,"column":0},"skip":true},"14":{"start":{"line":0,"column":0},"end":{"line":0,"column":0},"skip":true},"15":{"start":{"line":0,"column":0},"end":{"line":0,"column":0},"skip":true},"16":{"start":{"line":0,"column":0},"end":{"line":0,"column":0},"skip":true},"17":{"start":{"line":0,"column":0},"end":{"line":0,"column":0},"skip":true},"18":{"start":{"line":21,"column":0},"end":{"line":null,"column":null}},"19":{"start":{"line":0,"column":0},"end":{"line":0,"column":0},"skip":true},"20":{"start":{"line":0,"column":0},"end":{"line":0,"column":0},"skip":true},"21":{"start":{"line":0,"column":0},"end":{"line":0,"column":0},"skip":true},"22":{"start":{"line":0,"column":0},"end":{"line":0,"column":0},"skip":true},"23":{"start":{"line":0,"column":0},"end":{"line":0,"column":0},"skip":true},"24":{"start":{"line":0,"column":0},"end":{"line":0,"column":0},"skip":true},"25":{"start":{"line":0,"column":0},"end":{"line":0,"column":0},"skip":true},"26":{"start":{"line":0,"column":0},"end":{"line":0,"column":0},"skip":true},"27":{"start":{"line":0,"column":0},"end":{"line":0,"column":0},"skip":true},"28":{"start":{"line":0,"column":0},"end":{"line":0,"column":0},"skip":true},"29":{"start":{"line":0,"column":0},"end":{"line":0,"column":0},"skip":true},"30":{"start":{"line":0,"column":0},"end":{"line":0,"column":0},"skip":true},"31":{"start":{"line":0,"column":0},"end":{"line":0,"column":0},"skip":true},"32":{"start":{"line":0,"column":0},"end":{"line":0,"column":0},"skip":true},"33":{"start":{"line":35,"column":6},"end":{"line":null,"column":null}},"34":{"start":{"line":52,"column":35},"end":{"line":null,"column":null}},"35":{"start":{"line":27,"column":6},"end":{"line":null,"column":null}},"36":{"start":{"line":0,"column":0},"end":{"line":0,"column":0},"skip":true},"37":{"start":{"line":0,"column":0},"end":{"line":0,"column":0},"skip":true},"38":{"start":{"line":70,"column":0},"end":{"line":null,"column":null}},"39":{"start":{"line":0,"column":0},"end":{"line":0,"column":0},"skip":true}},"branchMap":{"1":{"line":0,"type":"cond-expr","locations":[{"start":{"line":0,"column":0},"end":{"line":0,"column":0},"skip":true},{"start":{"line":0,"column":0},"end":{"line":0,"column":0},"skip":true}]},"2":{"line":0,"type":"binary-expr","locations":[{"start":{"line":0,"column":0},"end":{"line":0,"column":0},"skip":true},{"start":{"line":0,"column":0},"end":{"line":0,"column":0},"skip":true}]},"3":{"line":55,"type":"cond-expr","locations":[{"start":{"line":55,"column":14},"end":{"line":54,"column":13}},{"start":{"line":62,"column":34},"end":{"line":null,"column":null}}]}}},"/Users/jarlandre/workspace_musit/musit/gui/app/components/storageunits/StorageUnitList.js":{"path":"/Users/jarlandre/workspace_musit/musit/gui/app/components/storageunits/StorageUnitList.js","s":{"1":1,"2":1,"3":1,"4":1,"5":1,"6":1,"7":1,"8":1,"9":1,"10":1,"11":1,"12":1,"13":1,"14":1,"15":1,"16":1,"17":1,"18":1,"19":1,"20":8,"21":1,"22":1,"23":1,"24":1,"25":1,"26":1,"27":1,"28":1,"29":1,"30":1,"31":1,"32":1,"33":1,"34":3,"35":0,"36":0,"37":1,"38":1,"39":1,"40":1},"b":{"1":[6,2],"2":[8,8]},"f":{"1":8,"2":1,"3":1,"4":1,"5":1,"6":1,"7":3,"8":0,"9":0},"fnMap":{"1":{"name":"_interopRequireDefault","line":0,"loc":{"start":{"line":0,"column":0},"end":{"line":0,"column":0}},"skip":true},"2":{"name":"_wrapComponent","line":0,"loc":{"start":{"line":0,"column":0},"end":{"line":0,"column":0}},"skip":true},"3":{"name":"(anonymous_3)","line":0,"loc":{"start":{"line":0,"column":0},"end":{"line":0,"column":0}},"skip":true},"4":{"name":"(anonymous_4)","line":0,"loc":{"start":{"line":0,"column":0},"end":{"line":0,"column":0}},"skip":true},"5":{"name":"StorageUnitList","line":0,"loc":{"start":{"line":0,"column":0},"end":{"line":0,"column":0}},"skip":true},"6":{"name":"render","line":5,"loc":{"start":{"line":5,"column":11},"end":{"line":5,"column":11}}},"7":{"name":"(anonymous_7)","line":17,"loc":{"start":{"line":17,"column":32},"end":{"line":null,"column":null}}},"8":{"name":"onClick","line":21,"loc":{"start":{"line":21,"column":35},"end":{"line":null,"column":null}}},"9":{"name":"onClick","line":22,"loc":{"start":{"line":22,"column":35},"end":{"line":null,"column":null}}}},"statementMap":{"1":{"start":{"line":0,"column":0},"end":{"line":0,"column":0},"skip":true},"2":{"start":{"line":0,"column":0},"end":{"line":0,"column":0},"skip":true},"3":{"start":{"line":0,"column":0},"end":{"line":0,"column":0},"skip":true},"4":{"start":{"line":0,"column":0},"end":{"line":0,"column":0},"skip":true},"5":{"start":{"line":0,"column":0},"end":{"line":0,"column":0},"skip":true},"6":{"start":{"line":0,"column":0},"end":{"line":0,"column":0},"skip":true},"7":{"start":{"line":0,"column":0},"end":{"line":0,"column":0},"skip":true},"8":{"start":{"line":0,"column":0},"end":{"line":0,"column":0},"skip":true},"9":{"start":{"line":0,"column":0},"end":{"line":0,"column":0},"skip":true},"10":{"start":{"line":0,"column":0},"end":{"line":0,"column":0},"skip":true},"11":{"start":{"line":0,"column":0},"end":{"line":0,"column":0},"skip":true},"12":{"start":{"line":0,"column":0},"end":{"line":0,"column":0},"skip":true},"13":{"start":{"line":0,"column":0},"end":{"line":0,"column":0},"skip":true},"14":{"start":{"line":0,"column":0},"end":{"line":0,"column":0},"skip":true},"15":{"start":{"line":0,"column":0},"end":{"line":0,"column":0},"skip":true},"16":{"start":{"line":0,"column":0},"end":{"line":0,"column":0},"skip":true},"17":{"start":{"line":0,"column":0},"end":{"line":0,"column":0},"skip":true},"18":{"start":{"line":2,"column":0},"end":{"line":null,"column":null}},"19":{"start":{"line":0,"column":0},"end":{"line":0,"column":0},"skip":true},"20":{"start":{"line":0,"column":0},"end":{"line":0,"column":0},"skip":true},"21":{"start":{"line":0,"column":0},"end":{"line":0,"column":0},"skip":true},"22":{"start":{"line":0,"column":0},"end":{"line":0,"column":0},"skip":true},"23":{"start":{"line":0,"column":0},"end":{"line":0,"column":0},"skip":true},"24":{"start":{"line":0,"column":0},"end":{"line":0,"column":0},"skip":true},"25":{"start":{"line":0,"column":0},"end":{"line":0,"column":0},"skip":true},"26":{"start":{"line":0,"column":0},"end":{"line":0,"column":0},"skip":true},"27":{"start":{"line":0,"column":0},"end":{"line":0,"column":0},"skip":true},"28":{"start":{"line":0,"column":0},"end":{"line":0,"column":0},"skip":true},"29":{"start":{"line":0,"column":0},"end":{"line":0,"column":0},"skip":true},"30":{"start":{"line":0,"column":0},"end":{"line":0,"column":0},"skip":true},"31":{"start":{"line":0,"column":0},"end":{"line":0,"column":0},"skip":true},"32":{"start":{"line":0,"column":0},"end":{"line":0,"column":0},"skip":true},"33":{"start":{"line":7,"column":6},"end":{"line":null,"column":null}},"34":{"start":{"line":18,"column":12},"end":{"line":null,"column":null}},"35":{"start":{"line":21,"column":41},"end":{"line":null,"column":null}},"36":{"start":{"line":22,"column":41},"end":{"line":null,"column":null}},"37":{"start":{"line":0,"column":0},"end":{"line":0,"column":0},"skip":true},"38":{"start":{"line":31,"column":0},"end":{"line":null,"column":null}},"39":{"start":{"line":40,"column":15},"end":{"line":null,"column":null}},"40":{"start":{"line":0,"column":0},"end":{"line":0,"column":0},"skip":true}},"branchMap":{"1":{"line":0,"type":"cond-expr","locations":[{"start":{"line":0,"column":0},"end":{"line":0,"column":0},"skip":true},{"start":{"line":0,"column":0},"end":{"line":0,"column":0},"skip":true}]},"2":{"line":0,"type":"binary-expr","locations":[{"start":{"line":0,"column":0},"end":{"line":0,"column":0},"skip":true},{"start":{"line":0,"column":0},"end":{"line":0,"column":0},"skip":true}]}}}}