TN:
SF:/Users/jarlandre/workspace_musit/musit/gui/app/components/musittextfield/__tests__/MusitTextField-test.js
FN:3,(anonymous_1)
FN:4,(anonymous_2)
FN:11,validationState
FN:12,valueText
FN:14,onChange
FNF:5
FNH:4
FNDA:1,(anonymous_1)
FNDA:1,(anonymous_2)
FNDA:1,validationState
FNDA:1,valueText
FNDA:0,onChange
DA:1,1
DA:3,1
DA:4,1
DA:5,1
DA:6,1
DA:11,1
DA:12,1
DA:14,0
DA:18,1
DA:19,1
DA:20,1
DA:21,1
DA:22,1
LF:13
LH:12
BRF:0
BRH:0
end_of_record
TN:
SF:/Users/jarlandre/workspace_musit/musit/gui/app/components/storageunits/__tests__/StorageUnitList-test.js
FN:3,(anonymous_1)
FN:4,(anonymous_2)
FN:22,onDelete
FN:23,onEdit
FNF:4
FNH:2
FNDA:1,(anonymous_1)
FNDA:1,(anonymous_2)
FNDA:0,onDelete
FNDA:0,onEdit
DA:1,1
DA:3,1
DA:4,1
DA:5,1
DA:6,1
DA:22,0
DA:23,0
DA:26,1
DA:27,1
DA:28,1
DA:30,1
DA:31,1
DA:33,1
DA:34,1
DA:36,1
DA:37,1
LF:16
LH:14
BRF:0
BRH:0
end_of_record
TN:
SF:/Users/jarlandre/workspace_musit/musit/gui/app/components/musittextfield/index.js
FN:33,render
FN:52,onChange
FN:25,helpText
FNF:3
FNH:1
FNDA:1,render
FNDA:0,onChange
FNDA:0,helpText
DA:21,1
DA:27,0
DA:35,1
DA:52,0
DA:70,1
LF:5
LH:3
BRDA:55,3,0,0
BRDA:55,3,1,1
BRF:2
BRH:1
end_of_record
TN:
SF:/Users/jarlandre/workspace_musit/musit/gui/app/components/storageunits/StorageUnitList.js
FN:5,render
FN:17,(anonymous_7)
FN:21,onClick
FN:22,onClick
FNF:4
FNH:2
FNDA:1,render
FNDA:3,(anonymous_7)
FNDA:0,onClick
FNDA:0,onClick
DA:2,1
DA:7,1
DA:18,3
DA:21,0
DA:22,0
DA:31,1
DA:40,1
LF:7
LH:5
BRF:0
BRH:0
end_of_record
